<?xml version="1.0" encoding="UTF-8"?><testsuite errors="3" failures="0" name="Como un usuario quiero ingresar a OpenCart para verificar diferentes funcionalidades" skipped="0" tests="3" time="41.49" timestamp="2022-06-08 01:10:02"><testcase name="Verificar que no tengo perimisos para crear nuevos clientes"><error message="element click intercepted: Element is not clickable at point (1267, -413)&#10;  (Session info: chrome=102.0.5005.63)&#10;Build info: version: '3.141.59', revision: 'e82be7d358', time: '2018-11-14T08:17:03'&#10;System info: host: 'CHMEP220RQ93', ip: '192.168.1.7', os.name: 'Windows 10', os.arch: 'amd64', os.version: '10.0', java.version: '1.8.0_131'&#10;Driver info: org.openqa.selenium.chrome.ChromeDriver&#10;Capabilities {acceptInsecureCerts: false, browserName: chrome, browserVersion: 102.0.5005.63, chrome: {chromedriverVersion: 102.0.5005.61 (0e59bcc00cc4..., userDataDir: C:\Users\HALTAM~1\AppData\L...}, goog:chromeOptions: {debuggerAddress: localhost:56808}, javascriptEnabled: true, networkConnectionEnabled: false, pageLoadStrategy: normal, platform: WINDOWS, platformName: WINDOWS, proxy: Proxy(), setWindowRect: true, strictFileInteractability: false, timeouts: {implicit: 0, pageLoad: 300000, script: 30000}, unhandledPromptBehavior: dismiss and notify, webauthn:extension:credBlob: true, webauthn:extension:largeBlob: true, webauthn:virtualAuthenticators: true}&#10;Session ID: 138c82a7584d015b80eb9b8eb689a192" type="org.openqa.selenium.ElementClickInterceptedException">element click intercepted: Element is not clickable at point (1267, -413)
  (Session info: chrome=102.0.5005.63)
Build info: version: '3.141.59', revision: 'e82be7d358', time: '2018-11-14T08:17:03'
System info: host: 'CHMEP220RQ93', ip: '192.168.1.7', os.name: 'Windows 10', os.arch: 'amd64', os.version: '10.0', java.version: '1.8.0_131'
Driver info: org.openqa.selenium.chrome.ChromeDriver
Capabilities {acceptInsecureCerts: false, browserName: chrome, browserVersion: 102.0.5005.63, chrome: {chromedriverVersion: 102.0.5005.61 (0e59bcc00cc4..., userDataDir: C:\Users\HALTAM~1\AppData\L...}, goog:chromeOptions: {debuggerAddress: localhost:56808}, javascriptEnabled: true, networkConnectionEnabled: false, pageLoadStrategy: normal, platform: WINDOWS, platformName: WINDOWS, proxy: Proxy(), setWindowRect: true, strictFileInteractability: false, timeouts: {implicit: 0, pageLoad: 300000, script: 30000}, unhandledPromptBehavior: dismiss and notify, webauthn:extension:credBlob: true, webauthn:extension:largeBlob: true, webauthn:virtualAuthenticators: true}
Session ID: 138c82a7584d015b80eb9b8eb689a192</error><system-err>element click intercepted: Element is not clickable at point (1267, -413)
  (Session info: chrome=102.0.5005.63)
Build info: version: '3.141.59', revision: 'e82be7d358', time: '2018-11-14T08:17:03'
System info: host: 'CHMEP220RQ93', ip: '192.168.1.7', os.name: 'Windows 10', os.arch: 'amd64', os.version: '10.0', java.version: '1.8.0_131'
Driver info: org.openqa.selenium.chrome.ChromeDriver
Capabilities {acceptInsecureCerts: false, browserName: chrome, browserVersion: 102.0.5005.63, chrome: {chromedriverVersion: 102.0.5005.61 (0e59bcc00cc4..., userDataDir: C:\Users\HALTAM~1\AppData\L...}, goog:chromeOptions: {debuggerAddress: localhost:56808}, javascriptEnabled: true, networkConnectionEnabled: false, pageLoadStrategy: normal, platform: WINDOWS, platformName: WINDOWS, proxy: Proxy(), setWindowRect: true, strictFileInteractability: false, timeouts: {implicit: 0, pageLoad: 300000, script: 30000}, unhandledPromptBehavior: dismiss and notify, webauthn:extension:credBlob: true, webauthn:extension:largeBlob: true, webauthn:virtualAuthenticators: true}
Session ID: 138c82a7584d015b80eb9b8eb689a192&#13;
co.com.choucair.opencart.tasks.Diligenciar.performAs(Diligenciar.java:28)&#13;
co.com.choucair.opencart.stepdefinitions.OpenCartStepDefinition.llenoLosFormulariosConLaInformacionDelClienteYDoyClickEnEnBotonSave(OpenCartStepDefinition.java:36)&#13;
cucumber.runner.Runner.runPickle(Runner.java:80)&#13;
</system-err></testcase><testcase name="Filtrar una orden por su ID y verificar que retorne una sola orden"><error message="element click intercepted: Element is not clickable at point (1275, 792)&#10;  (Session info: chrome=102.0.5005.63)&#10;Build info: version: '3.141.59', revision: 'e82be7d358', time: '2018-11-14T08:17:03'&#10;System info: host: 'CHMEP220RQ93', ip: '192.168.1.7', os.name: 'Windows 10', os.arch: 'amd64', os.version: '10.0', java.version: '1.8.0_131'&#10;Driver info: org.openqa.selenium.chrome.ChromeDriver&#10;Capabilities {acceptInsecureCerts: false, browserName: chrome, browserVersion: 102.0.5005.63, chrome: {chromedriverVersion: 102.0.5005.61 (0e59bcc00cc4..., userDataDir: C:\Users\HALTAM~1\AppData\L...}, goog:chromeOptions: {debuggerAddress: localhost:56838}, javascriptEnabled: true, networkConnectionEnabled: false, pageLoadStrategy: normal, platform: WINDOWS, platformName: WINDOWS, proxy: Proxy(), setWindowRect: true, strictFileInteractability: false, timeouts: {implicit: 0, pageLoad: 300000, script: 30000}, unhandledPromptBehavior: dismiss and notify, webauthn:extension:credBlob: true, webauthn:extension:largeBlob: true, webauthn:virtualAuthenticators: true}&#10;Session ID: 775504471b0cdba0928e075d291d2cb9" type="org.openqa.selenium.ElementClickInterceptedException">element click intercepted: Element is not clickable at point (1275, 792)
  (Session info: chrome=102.0.5005.63)
Build info: version: '3.141.59', revision: 'e82be7d358', time: '2018-11-14T08:17:03'
System info: host: 'CHMEP220RQ93', ip: '192.168.1.7', os.name: 'Windows 10', os.arch: 'amd64', os.version: '10.0', java.version: '1.8.0_131'
Driver info: org.openqa.selenium.chrome.ChromeDriver
Capabilities {acceptInsecureCerts: false, browserName: chrome, browserVersion: 102.0.5005.63, chrome: {chromedriverVersion: 102.0.5005.61 (0e59bcc00cc4..., userDataDir: C:\Users\HALTAM~1\AppData\L...}, goog:chromeOptions: {debuggerAddress: localhost:56838}, javascriptEnabled: true, networkConnectionEnabled: false, pageLoadStrategy: normal, platform: WINDOWS, platformName: WINDOWS, proxy: Proxy(), setWindowRect: true, strictFileInteractability: false, timeouts: {implicit: 0, pageLoad: 300000, script: 30000}, unhandledPromptBehavior: dismiss and notify, webauthn:extension:credBlob: true, webauthn:extension:largeBlob: true, webauthn:virtualAuthenticators: true}
Session ID: 775504471b0cdba0928e075d291d2cb9</error><system-err>element click intercepted: Element is not clickable at point (1275, 792)
  (Session info: chrome=102.0.5005.63)
Build info: version: '3.141.59', revision: 'e82be7d358', time: '2018-11-14T08:17:03'
System info: host: 'CHMEP220RQ93', ip: '192.168.1.7', os.name: 'Windows 10', os.arch: 'amd64', os.version: '10.0', java.version: '1.8.0_131'
Driver info: org.openqa.selenium.chrome.ChromeDriver
Capabilities {acceptInsecureCerts: false, browserName: chrome, browserVersion: 102.0.5005.63, chrome: {chromedriverVersion: 102.0.5005.61 (0e59bcc00cc4..., userDataDir: C:\Users\HALTAM~1\AppData\L...}, goog:chromeOptions: {debuggerAddress: localhost:56838}, javascriptEnabled: true, networkConnectionEnabled: false, pageLoadStrategy: normal, platform: WINDOWS, platformName: WINDOWS, proxy: Proxy(), setWindowRect: true, strictFileInteractability: false, timeouts: {implicit: 0, pageLoad: 300000, script: 30000}, unhandledPromptBehavior: dismiss and notify, webauthn:extension:credBlob: true, webauthn:extension:largeBlob: true, webauthn:virtualAuthenticators: true}
Session ID: 775504471b0cdba0928e075d291d2cb9&#13;
co.com.choucair.opencart.tasks.Filtro.performAs(Filtro.java:27)&#13;
co.com.choucair.opencart.stepdefinitions.OpenCartStepDefinition.aplicoElFiltroParaElPedidoConSuOrderIDYCustomer(OpenCartStepDefinition.java:50)&#13;
cucumber.runner.Runner.runPickle(Runner.java:80)&#13;
</system-err></testcase><testcase name="Agregar un producto a una orden"><error message="Arity mismatch: Step Definition 'co.com.choucair.opencart.stepdefinitions.OpenCartStepDefinition.agregoUnProductoALaOrdenConSuInformacion() in file:/C:/Users/haltamirandas/Documents/OpenCart/build/classes/java/test/' with pattern [^agrego un producto a la orden con su informacion$] is declared with 0 parameters. However, the gherkin step has 1 arguments [Table:[[chooseProduct, quantity], [Canon EOS 5D, 2]]]. &#10;Step text: agrego un producto a la orden con su informacion" type="cucumber.runtime.CucumberException">Arity mismatch: Step Definition 'co.com.choucair.opencart.stepdefinitions.OpenCartStepDefinition.agregoUnProductoALaOrdenConSuInformacion() in file:/C:/Users/haltamirandas/Documents/OpenCart/build/classes/java/test/' with pattern [^agrego un producto a la orden con su informacion$] is declared with 0 parameters. However, the gherkin step has 1 arguments [Table:[[chooseProduct, quantity], [Canon EOS 5D, 2]]]. 
Step text: agrego un producto a la orden con su informacion</error><system-err>Arity mismatch: Step Definition 'co.com.choucair.opencart.stepdefinitions.OpenCartStepDefinition.agregoUnProductoALaOrdenConSuInformacion() in file:/C:/Users/haltamirandas/Documents/OpenCart/build/classes/java/test/' with pattern [^agrego un producto a la orden con su informacion$] is declared with 0 parameters. However, the gherkin step has 1 arguments [Table:[[chooseProduct, quantity], [Canon EOS 5D, 2]]]. 
Step text: agrego un producto a la orden con su informacion&#13;
cucumber.runner.Runner.runPickle(Runner.java:80)&#13;
</system-err></testcase></testsuite>